2023-05-17 19:05:641 INFO  HomePage :66 - Acceptcookies:[[ChromeDriver: chrome on WINDOWS (d6b11df37c806deaa2bb9b9b898336b9)] -> xpath: //button[@id='save']]
2023-05-17 19:05:948 INFO  HomePage :70 - Enter job title:[[ChromeDriver: chrome on WINDOWS (d6b11df37c806deaa2bb9b9b898336b9)] -> id: keywords]
2023-05-17 19:05:326 INFO  HomePage :74 - Enter location:[[ChromeDriver: chrome on WINDOWS (d6b11df37c806deaa2bb9b9b898336b9)] -> id: location]
2023-05-17 19:05:522 INFO  HomePage :78 - Select distance:[[ChromeDriver: chrome on WINDOWS (d6b11df37c806deaa2bb9b9b898336b9)] -> id: distance]
2023-05-17 19:05:615 INFO  HomePage :82 - Cliking on more search option:[[ChromeDriver: chrome on WINDOWS (d6b11df37c806deaa2bb9b9b898336b9)] -> id: toggle-hp-search]
2023-05-17 19:05:803 INFO  HomePage :86 - Enter min salary:[[ChromeDriver: chrome on WINDOWS (d6b11df37c806deaa2bb9b9b898336b9)] -> id: salarymin]
2023-05-17 19:05:900 INFO  HomePage :91 - Enter max salary:[[ChromeDriver: chrome on WINDOWS (d6b11df37c806deaa2bb9b9b898336b9)] -> id: salarymax]
2023-05-17 19:05:992 INFO  HomePage :95 - Select salary type from the dropdown:[[ChromeDriver: chrome on WINDOWS (d6b11df37c806deaa2bb9b9b898336b9)] -> id: salarytype]
2023-05-17 19:05:82 INFO  HomePage :99 - Select job type from the dropdown:[[ChromeDriver: chrome on WINDOWS (d6b11df37c806deaa2bb9b9b898336b9)] -> id: tempperm]
2023-05-17 19:05:186 INFO  HomePage :103 - Clicking on:[[ChromeDriver: chrome on WINDOWS (d6b11df37c806deaa2bb9b9b898336b9)] -> id: hp-search-btn]
2023-05-17 19:05:615 INFO  ResultPage :24 - Verify the result:[[ChromeDriver: chrome on WINDOWS (d6b11df37c806deaa2bb9b9b898336b9)] -> xpath: //h1[@class='search-header__title']]
2023-05-17 19:05:288 INFO  HomePage :66 - Acceptcookies:[[ChromeDriver: chrome on WINDOWS (35c7927fb167c7f12f2be7682b5ded73)] -> xpath: //button[@id='save']]
2023-05-17 19:05:368 INFO  HomePage :70 - Enter job title:[[ChromeDriver: chrome on WINDOWS (35c7927fb167c7f12f2be7682b5ded73)] -> id: keywords]
2023-05-17 19:05:555 INFO  HomePage :74 - Enter location:[[ChromeDriver: chrome on WINDOWS (35c7927fb167c7f12f2be7682b5ded73)] -> id: location]
2023-05-17 19:05:929 INFO  HomePage :78 - Select distance:[[ChromeDriver: chrome on WINDOWS (35c7927fb167c7f12f2be7682b5ded73)] -> id: distance]
2023-05-17 19:05:151 INFO  HomePage :82 - Cliking on more search option:[[ChromeDriver: chrome on WINDOWS (35c7927fb167c7f12f2be7682b5ded73)] -> id: toggle-hp-search]
2023-05-17 19:05:293 INFO  HomePage :86 - Enter min salary:[[ChromeDriver: chrome on WINDOWS (35c7927fb167c7f12f2be7682b5ded73)] -> id: salarymin]
2023-05-17 19:05:377 INFO  HomePage :91 - Enter max salary:[[ChromeDriver: chrome on WINDOWS (35c7927fb167c7f12f2be7682b5ded73)] -> id: salarymax]
2023-05-17 19:05:472 INFO  HomePage :95 - Select salary type from the dropdown:[[ChromeDriver: chrome on WINDOWS (35c7927fb167c7f12f2be7682b5ded73)] -> id: salarytype]
2023-05-17 19:05:567 INFO  HomePage :99 - Select job type from the dropdown:[[ChromeDriver: chrome on WINDOWS (35c7927fb167c7f12f2be7682b5ded73)] -> id: tempperm]
2023-05-17 19:05:688 INFO  HomePage :103 - Clicking on:[[ChromeDriver: chrome on WINDOWS (35c7927fb167c7f12f2be7682b5ded73)] -> id: hp-search-btn]
2023-05-17 19:05:638 INFO  ResultPage :24 - Verify the result:[[ChromeDriver: chrome on WINDOWS (35c7927fb167c7f12f2be7682b5ded73)] -> xpath: //h1[@class='search-header__title']]
2023-05-17 19:05:245 INFO  HomePage :66 - Acceptcookies:[[ChromeDriver: chrome on WINDOWS (81f2ba015c25391f1c0968601fd77b4e)] -> xpath: //button[@id='save']]
2023-05-17 19:05:324 INFO  HomePage :70 - Enter job title:[[ChromeDriver: chrome on WINDOWS (81f2ba015c25391f1c0968601fd77b4e)] -> id: keywords]
2023-05-17 19:05:775 INFO  HomePage :74 - Enter location:[[ChromeDriver: chrome on WINDOWS (81f2ba015c25391f1c0968601fd77b4e)] -> id: location]
2023-05-17 19:05:886 INFO  HomePage :78 - Select distance:[[ChromeDriver: chrome on WINDOWS (81f2ba015c25391f1c0968601fd77b4e)] -> id: distance]
2023-05-17 19:05:996 INFO  HomePage :82 - Cliking on more search option:[[ChromeDriver: chrome on WINDOWS (81f2ba015c25391f1c0968601fd77b4e)] -> id: toggle-hp-search]
2023-05-17 19:05:219 INFO  HomePage :86 - Enter min salary:[[ChromeDriver: chrome on WINDOWS (81f2ba015c25391f1c0968601fd77b4e)] -> id: salarymin]
2023-05-17 19:05:304 INFO  HomePage :91 - Enter max salary:[[ChromeDriver: chrome on WINDOWS (81f2ba015c25391f1c0968601fd77b4e)] -> id: salarymax]
2023-05-17 19:05:396 INFO  HomePage :95 - Select salary type from the dropdown:[[ChromeDriver: chrome on WINDOWS (81f2ba015c25391f1c0968601fd77b4e)] -> id: salarytype]
2023-05-17 19:05:487 INFO  HomePage :99 - Select job type from the dropdown:[[ChromeDriver: chrome on WINDOWS (81f2ba015c25391f1c0968601fd77b4e)] -> id: tempperm]
2023-05-17 19:05:597 INFO  HomePage :103 - Clicking on:[[ChromeDriver: chrome on WINDOWS (81f2ba015c25391f1c0968601fd77b4e)] -> id: hp-search-btn]
2023-05-17 19:05:146 INFO  ResultPage :24 - Verify the result:[[ChromeDriver: chrome on WINDOWS (81f2ba015c25391f1c0968601fd77b4e)] -> xpath: //h1[@class='search-header__title']]
2023-05-17 19:05:779 INFO  HomePage :66 - Acceptcookies:[[ChromeDriver: chrome on WINDOWS (b2d55fab0f1b3648e685c5d80abbac98)] -> xpath: //button[@id='save']]
2023-05-17 19:05:881 INFO  HomePage :70 - Enter job title:[[ChromeDriver: chrome on WINDOWS (b2d55fab0f1b3648e685c5d80abbac98)] -> id: keywords]
2023-05-17 19:05:472 INFO  HomePage :74 - Enter location:[[ChromeDriver: chrome on WINDOWS (b2d55fab0f1b3648e685c5d80abbac98)] -> id: location]
2023-05-17 19:05:661 INFO  HomePage :78 - Select distance:[[ChromeDriver: chrome on WINDOWS (b2d55fab0f1b3648e685c5d80abbac98)] -> id: distance]
2023-05-17 19:05:922 INFO  HomePage :82 - Cliking on more search option:[[ChromeDriver: chrome on WINDOWS (b2d55fab0f1b3648e685c5d80abbac98)] -> id: toggle-hp-search]
2023-05-17 19:05:85 INFO  HomePage :86 - Enter min salary:[[ChromeDriver: chrome on WINDOWS (b2d55fab0f1b3648e685c5d80abbac98)] -> id: salarymin]
2023-05-17 19:05:188 INFO  HomePage :91 - Enter max salary:[[ChromeDriver: chrome on WINDOWS (b2d55fab0f1b3648e685c5d80abbac98)] -> id: salarymax]
2023-05-17 19:05:300 INFO  HomePage :95 - Select salary type from the dropdown:[[ChromeDriver: chrome on WINDOWS (b2d55fab0f1b3648e685c5d80abbac98)] -> id: salarytype]
2023-05-17 19:05:392 INFO  HomePage :99 - Select job type from the dropdown:[[ChromeDriver: chrome on WINDOWS (b2d55fab0f1b3648e685c5d80abbac98)] -> id: tempperm]
2023-05-17 19:05:509 INFO  HomePage :103 - Clicking on:[[ChromeDriver: chrome on WINDOWS (b2d55fab0f1b3648e685c5d80abbac98)] -> id: hp-search-btn]
2023-05-17 19:05:215 INFO  ResultPage :24 - Verify the result:[[ChromeDriver: chrome on WINDOWS (b2d55fab0f1b3648e685c5d80abbac98)] -> xpath: //h1[@class='search-header__title']]
2023-05-17 19:05:682 INFO  HomePage :66 - Acceptcookies:[[ChromeDriver: chrome on WINDOWS (163d39f8fca0d36c0d9cfefff8d5c202)] -> xpath: //button[@id='save']]
2023-05-17 19:05:792 INFO  HomePage :70 - Enter job title:[[ChromeDriver: chrome on WINDOWS (163d39f8fca0d36c0d9cfefff8d5c202)] -> id: keywords]
2023-05-17 19:05:319 INFO  HomePage :74 - Enter location:[[ChromeDriver: chrome on WINDOWS (163d39f8fca0d36c0d9cfefff8d5c202)] -> id: location]
2023-05-17 19:05:392 INFO  HomePage :78 - Select distance:[[ChromeDriver: chrome on WINDOWS (163d39f8fca0d36c0d9cfefff8d5c202)] -> id: distance]
2023-05-17 19:05:555 INFO  HomePage :82 - Cliking on more search option:[[ChromeDriver: chrome on WINDOWS (163d39f8fca0d36c0d9cfefff8d5c202)] -> id: toggle-hp-search]
2023-05-17 19:05:814 INFO  HomePage :86 - Enter min salary:[[ChromeDriver: chrome on WINDOWS (163d39f8fca0d36c0d9cfefff8d5c202)] -> id: salarymin]
2023-05-17 19:05:906 INFO  HomePage :91 - Enter max salary:[[ChromeDriver: chrome on WINDOWS (163d39f8fca0d36c0d9cfefff8d5c202)] -> id: salarymax]
2023-05-17 19:05:16 INFO  HomePage :95 - Select salary type from the dropdown:[[ChromeDriver: chrome on WINDOWS (163d39f8fca0d36c0d9cfefff8d5c202)] -> id: salarytype]
2023-05-17 19:05:104 INFO  HomePage :99 - Select job type from the dropdown:[[ChromeDriver: chrome on WINDOWS (163d39f8fca0d36c0d9cfefff8d5c202)] -> id: tempperm]
2023-05-17 19:05:231 INFO  HomePage :103 - Clicking on:[[ChromeDriver: chrome on WINDOWS (163d39f8fca0d36c0d9cfefff8d5c202)] -> id: hp-search-btn]
2023-05-17 19:05:490 INFO  ResultPage :24 - Verify the result:[[ChromeDriver: chrome on WINDOWS (163d39f8fca0d36c0d9cfefff8d5c202)] -> xpath: //h1[@class='search-header__title']]
2023-05-17 19:05:85 INFO  HomePage :66 - Acceptcookies:[[ChromeDriver: chrome on WINDOWS (47880725be1cc63828ddcdf81a29bbaf)] -> xpath: //button[@id='save']]
2023-05-17 19:05:214 INFO  HomePage :70 - Enter job title:[[ChromeDriver: chrome on WINDOWS (47880725be1cc63828ddcdf81a29bbaf)] -> id: keywords]
2023-05-17 19:05:655 INFO  HomePage :74 - Enter location:[[ChromeDriver: chrome on WINDOWS (47880725be1cc63828ddcdf81a29bbaf)] -> id: location]
2023-05-17 19:05:777 INFO  HomePage :78 - Select distance:[[ChromeDriver: chrome on WINDOWS (47880725be1cc63828ddcdf81a29bbaf)] -> id: distance]
2023-05-17 19:05:887 INFO  HomePage :82 - Cliking on more search option:[[ChromeDriver: chrome on WINDOWS (47880725be1cc63828ddcdf81a29bbaf)] -> id: toggle-hp-search]
2023-05-17 19:05:123 INFO  HomePage :86 - Enter min salary:[[ChromeDriver: chrome on WINDOWS (47880725be1cc63828ddcdf81a29bbaf)] -> id: salarymin]
2023-05-17 19:05:217 INFO  HomePage :91 - Enter max salary:[[ChromeDriver: chrome on WINDOWS (47880725be1cc63828ddcdf81a29bbaf)] -> id: salarymax]
2023-05-17 19:05:318 INFO  HomePage :95 - Select salary type from the dropdown:[[ChromeDriver: chrome on WINDOWS (47880725be1cc63828ddcdf81a29bbaf)] -> id: salarytype]
2023-05-17 19:05:409 INFO  HomePage :99 - Select job type from the dropdown:[[ChromeDriver: chrome on WINDOWS (47880725be1cc63828ddcdf81a29bbaf)] -> id: tempperm]
2023-05-17 19:05:524 INFO  HomePage :103 - Clicking on:[[ChromeDriver: chrome on WINDOWS (47880725be1cc63828ddcdf81a29bbaf)] -> id: hp-search-btn]
2023-05-17 19:05:486 INFO  ResultPage :24 - Verify the result:[[ChromeDriver: chrome on WINDOWS (47880725be1cc63828ddcdf81a29bbaf)] -> xpath: //h1[@class='search-header__title']]
